This file contains any messages produced by compilers while
running configure, to aid debugging if configure makes a mistake.

It was created by configure, which was
generated by GNU Autoconf 2.69.  Invocation command line was

  $ ./configure --prefix=/opt/DaTang_M/WorkSpace/framework/ --enable-trace --enable-debug

## --------- ##
## Platform. ##
## --------- ##

hostname = slave2
uname -m = i686
uname -r = 2.6.32-21-generic
uname -s = Linux
uname -v = #32-Ubuntu SMP Fri Apr 16 08:10:02 UTC 2010

/usr/bin/uname -p = unknown
/bin/uname -X     = unknown

/bin/arch              = unknown
/usr/bin/arch -k       = unknown
/usr/convex/getsysinfo = unknown
/usr/bin/hostinfo      = unknown
/bin/machine           = unknown
/usr/bin/oslevel       = unknown
/bin/universe          = unknown

PATH: /usr/local/sbin
PATH: /usr/local/bin
PATH: /usr/sbin
PATH: /usr/bin
PATH: /sbin
PATH: /bin
PATH: /usr/games
PATH: /opt/jdk1.6.0_31/bin
PATH: /home/hadoop/hadoop-1.0.4/bin
PATH: /opt/nosql/mongodb-linux-i686-2.2.2/bin


## ----------- ##
## Core tests. ##
## ----------- ##

configure:2246: eXosip2                 The Extended Open SIP library.
configure:2248: Copyright (C) 2002-2012 Aymeric MOIZARD - <amoizard@antisip.com>
configure:2275: result: Configuring libeXosip2 4.0.0
configure:2278: result: Building Package on linux
configure:2328: checking for a BSD-compatible install
configure:2396: result: /usr/bin/install -c
configure:2407: checking whether build environment is sane
configure:2457: result: yes
configure:2598: checking for a thread-safe mkdir -p
configure:2637: result: /bin/mkdir -p
configure:2650: checking for gawk
configure:2666: found /usr/bin/gawk
configure:2677: result: gawk
configure:2688: checking whether make sets $(MAKE)
configure:2710: result: yes
configure:2809: checking build system type
configure:2823: result: i686-pc-linux-gnu
configure:2843: checking host system type
configure:2856: result: i686-pc-linux-gnu
configure:2928: checking for gcc
configure:2944: found /usr/bin/gcc
configure:2955: result: gcc
configure:3184: checking for C compiler version
configure:3193: gcc --version >&5
gcc (Ubuntu 4.4.3-4ubuntu5.1) 4.4.3
Copyright (C) 2009 Free Software Foundation, Inc.
This is free software; see the source for copying conditions.  There is NO
warranty; not even for MERCHANTABILITY or FITNESS FOR A PARTICULAR PURPOSE.

configure:3204: $? = 0
configure:3193: gcc -v >&5
Using built-in specs.
Target: i486-linux-gnu
Configured with: ../src/configure -v --with-pkgversion='Ubuntu 4.4.3-4ubuntu5.1' --with-bugurl=file:///usr/share/doc/gcc-4.4/README.Bugs --enable-languages=c,c++,fortran,objc,obj-c++ --prefix=/usr --enable-shared --enable-multiarch --enable-linker-build-id --with-system-zlib --libexecdir=/usr/lib --without-included-gettext --enable-threads=posix --with-gxx-include-dir=/usr/include/c++/4.4 --program-suffix=-4.4 --enable-nls --enable-clocale=gnu --enable-libstdcxx-debug --enable-plugin --enable-objc-gc --enable-targets=all --disable-werror --with-arch-32=i486 --with-tune=generic --enable-checking=release --build=i486-linux-gnu --host=i486-linux-gnu --target=i486-linux-gnu
Thread model: posix
gcc version 4.4.3 (Ubuntu 4.4.3-4ubuntu5.1) 
configure:3204: $? = 0
configure:3193: gcc -V >&5
gcc: '-V' option must have argument
configure:3204: $? = 1
configure:3193: gcc -qversion >&5
gcc: unrecognized option '-qversion'
gcc: no input files
configure:3204: $? = 1
configure:3224: checking whether the C compiler works
configure:3246: gcc    conftest.c  >&5
configure:3250: $? = 0
configure:3298: result: yes
configure:3301: checking for C compiler default output file name
configure:3303: result: a.out
configure:3309: checking for suffix of executables
configure:3316: gcc -o conftest    conftest.c  >&5
configure:3320: $? = 0
configure:3342: result: 
configure:3364: checking whether we are cross compiling
configure:3372: gcc -o conftest    conftest.c  >&5
configure:3376: $? = 0
configure:3383: ./conftest
configure:3387: $? = 0
configure:3402: result: no
configure:3407: checking for suffix of object files
configure:3429: gcc -c   conftest.c >&5
configure:3433: $? = 0
configure:3454: result: o
configure:3458: checking whether we are using the GNU C compiler
configure:3477: gcc -c   conftest.c >&5
configure:3477: $? = 0
configure:3486: result: yes
configure:3495: checking whether gcc accepts -g
configure:3515: gcc -c -g  conftest.c >&5
configure:3515: $? = 0
configure:3556: result: yes
configure:3573: checking for gcc option to accept ISO C89
configure:3636: gcc  -c -g -O2  conftest.c >&5
configure:3636: $? = 0
configure:3649: result: none needed
configure:3680: checking for style of include used by make
configure:3708: result: GNU
configure:3734: checking dependency style of gcc
configure:3845: result: gcc3
configure:3865: checking how to run the C preprocessor
configure:3896: gcc -E  conftest.c
configure:3896: $? = 0
configure:3910: gcc -E  conftest.c
conftest.c:11:28: error: ac_nonexistent.h: No such file or directory
configure:3910: $? = 1
configure: failed program was:
| /* confdefs.h */
| #define PACKAGE_NAME ""
| #define PACKAGE_TARNAME ""
| #define PACKAGE_VERSION ""
| #define PACKAGE_STRING ""
| #define PACKAGE_BUGREPORT ""
| #define PACKAGE_URL ""
| #define PACKAGE "libeXosip2"
| #define VERSION "4.0.0"
| /* end confdefs.h.  */
| #include <ac_nonexistent.h>
configure:3935: result: gcc -E
configure:3955: gcc -E  conftest.c
configure:3955: $? = 0
configure:3969: gcc -E  conftest.c
conftest.c:11:28: error: ac_nonexistent.h: No such file or directory
configure:3969: $? = 1
configure: failed program was:
| /* confdefs.h */
| #define PACKAGE_NAME ""
| #define PACKAGE_TARNAME ""
| #define PACKAGE_VERSION ""
| #define PACKAGE_STRING ""
| #define PACKAGE_BUGREPORT ""
| #define PACKAGE_URL ""
| #define PACKAGE "libeXosip2"
| #define VERSION "4.0.0"
| /* end confdefs.h.  */
| #include <ac_nonexistent.h>
configure:3999: checking for a sed that does not truncate output
configure:4063: result: /bin/sed
configure:4114: checking how to print strings
configure:4141: result: printf
configure:4162: checking for a sed that does not truncate output
configure:4226: result: /bin/sed
configure:4244: checking for grep that handles long lines and -e
configure:4302: result: /bin/grep
configure:4307: checking for egrep
configure:4369: result: /bin/grep -E
configure:4374: checking for fgrep
configure:4436: result: /bin/grep -F
configure:4471: checking for ld used by gcc
configure:4538: result: /usr/bin/ld
configure:4545: checking if the linker (/usr/bin/ld) is GNU ld
configure:4560: result: yes
configure:4572: checking for BSD- or MS-compatible name lister (nm)
configure:4621: result: /usr/bin/nm -B
configure:4751: checking the name lister (/usr/bin/nm -B) interface
configure:4758: gcc -c -g -O2  conftest.c >&5
configure:4761: /usr/bin/nm -B "conftest.o"
configure:4764: output
00000000 B some_variable
configure:4771: result: BSD nm
configure:4774: checking whether ln -s works
configure:4778: result: yes
configure:4786: checking the maximum length of command line arguments
configure:4916: result: 1572864
configure:4933: checking whether the shell understands some XSI constructs
configure:4943: result: yes
configure:4947: checking whether the shell understands "+="
configure:4953: result: yes
configure:4988: checking how to convert i686-pc-linux-gnu file names to i686-pc-linux-gnu format
configure:5028: result: func_convert_file_noop
configure:5035: checking how to convert i686-pc-linux-gnu file names to toolchain format
configure:5055: result: func_convert_file_noop
configure:5062: checking for /usr/bin/ld option to reload object files
configure:5069: result: -r
configure:5143: checking for objdump
configure:5159: found /usr/bin/objdump
configure:5170: result: objdump
configure:5202: checking how to recognize dependent libraries
configure:5400: result: pass_all
configure:5485: checking for dlltool
configure:5515: result: no
configure:5545: checking how to associate runtime and link libraries
configure:5572: result: printf %s\n
configure:5633: checking for ar
configure:5649: found /usr/bin/ar
configure:5660: result: ar
configure:5697: checking for archiver @FILE support
configure:5714: gcc -c -g -O2  conftest.c >&5
configure:5714: $? = 0
configure:5717: ar cru libconftest.a @conftest.lst >&5
configure:5720: $? = 0
configure:5725: ar cru libconftest.a @conftest.lst >&5
ar: conftest.o: No such file or directory
configure:5728: $? = 1
configure:5740: result: @
configure:5798: checking for strip
configure:5814: found /usr/bin/strip
configure:5825: result: strip
configure:5897: checking for ranlib
configure:5913: found /usr/bin/ranlib
configure:5924: result: ranlib
configure:6026: checking command to parse /usr/bin/nm -B output from gcc object
configure:6146: gcc -c -g -O2  conftest.c >&5
configure:6149: $? = 0
configure:6153: /usr/bin/nm -B conftest.o \| sed -n -e 's/^.*[ ]\([ABCDGIRSTW][ABCDGIRSTW]*\)[ ][ ]*\([_A-Za-z][_A-Za-z0-9]*\)$/\1 \2 \2/p' | sed '/ __gnu_lto/d' \> conftest.nm
configure:6156: $? = 0
configure:6222: gcc -o conftest -g -O2   conftest.c conftstm.o >&5
configure:6225: $? = 0
configure:6263: result: ok
configure:6300: checking for sysroot
configure:6330: result: no
configure:6586: checking for mt
configure:6602: found /bin/mt
configure:6613: result: mt
configure:6636: checking if mt is a manifest tool
configure:6642: mt '-?'
mt: invalid option -- ?
configure:6650: result: no
configure:7288: checking for ANSI C header files
configure:7308: gcc -c -g -O2  conftest.c >&5
configure:7308: $? = 0
configure:7381: gcc -o conftest -g -O2   conftest.c  >&5
configure:7381: $? = 0
configure:7381: ./conftest
configure:7381: $? = 0
configure:7392: result: yes
configure:7405: checking for sys/types.h
configure:7405: gcc -c -g -O2  conftest.c >&5
configure:7405: $? = 0
configure:7405: result: yes
configure:7405: checking for sys/stat.h
configure:7405: gcc -c -g -O2  conftest.c >&5
configure:7405: $? = 0
configure:7405: result: yes
configure:7405: checking for stdlib.h
configure:7405: gcc -c -g -O2  conftest.c >&5
configure:7405: $? = 0
configure:7405: result: yes
configure:7405: checking for string.h
configure:7405: gcc -c -g -O2  conftest.c >&5
configure:7405: $? = 0
configure:7405: result: yes
configure:7405: checking for memory.h
configure:7405: gcc -c -g -O2  conftest.c >&5
configure:7405: $? = 0
configure:7405: result: yes
configure:7405: checking for strings.h
configure:7405: gcc -c -g -O2  conftest.c >&5
configure:7405: $? = 0
configure:7405: result: yes
configure:7405: checking for inttypes.h
configure:7405: gcc -c -g -O2  conftest.c >&5
configure:7405: $? = 0
configure:7405: result: yes
configure:7405: checking for stdint.h
configure:7405: gcc -c -g -O2  conftest.c >&5
configure:7405: $? = 0
configure:7405: result: yes
configure:7405: checking for unistd.h
configure:7405: gcc -c -g -O2  conftest.c >&5
configure:7405: $? = 0
configure:7405: result: yes
configure:7419: checking for dlfcn.h
configure:7419: gcc -c -g -O2  conftest.c >&5
configure:7419: $? = 0
configure:7419: result: yes
configure:7625: checking for objdir
configure:7640: result: .libs
configure:7907: checking if gcc supports -fno-rtti -fno-exceptions
configure:7925: gcc -c -g -O2  -fno-rtti -fno-exceptions conftest.c >&5
cc1: warning: command line option "-fno-rtti" is valid for C++/ObjC++ but not for C
configure:7929: $? = 0
configure:7942: result: no
configure:8269: checking for gcc option to produce PIC
configure:8276: result: -fPIC -DPIC
configure:8284: checking if gcc PIC flag -fPIC -DPIC works
configure:8302: gcc -c -g -O2  -fPIC -DPIC -DPIC conftest.c >&5
configure:8306: $? = 0
configure:8319: result: yes
configure:8348: checking if gcc static flag -static works
configure:8376: result: yes
configure:8391: checking if gcc supports -c -o file.o
configure:8412: gcc -c -g -O2  -o out/conftest2.o conftest.c >&5
configure:8416: $? = 0
configure:8438: result: yes
configure:8446: checking if gcc supports -c -o file.o
configure:8493: result: yes
configure:8526: checking whether the gcc linker (/usr/bin/ld) supports shared libraries
configure:9683: result: yes
configure:9720: checking whether -lc should be explicitly linked in
configure:9728: gcc -c -g -O2  conftest.c >&5
configure:9731: $? = 0
configure:9746: gcc -shared  -fPIC -DPIC conftest.o  -v -Wl,-soname -Wl,conftest -o conftest 2\>\&1 \| /bin/grep  -lc  \>/dev/null 2\>\&1
configure:9749: $? = 0
configure:9763: result: no
configure:9923: checking dynamic linker characteristics
configure:10423: gcc -o conftest -g -O2   -Wl,-rpath -Wl,/foo conftest.c  >&5
configure:10423: $? = 0
configure:10657: result: GNU/Linux ld.so
configure:10764: checking how to hardcode library paths into programs
configure:10789: result: immediate
configure:11329: checking whether stripping libraries is possible
configure:11334: result: yes
configure:11369: checking if libtool supports shared libraries
configure:11371: result: yes
configure:11374: checking whether to build shared libraries
configure:11395: result: yes
configure:11398: checking whether to build static libraries
configure:11402: result: yes
configure:11639: checking for the pthreads library -lpthreads
configure:11672: gcc -o conftest -g -O2    conftest.c -lpthreads  >&5
/usr/bin/ld: cannot find -lpthreads
collect2: ld returned 1 exit status
configure:11672: $? = 1
configure: failed program was:
| /* confdefs.h */
| #define PACKAGE_NAME ""
| #define PACKAGE_TARNAME ""
| #define PACKAGE_VERSION ""
| #define PACKAGE_STRING ""
| #define PACKAGE_BUGREPORT ""
| #define PACKAGE_URL ""
| #define PACKAGE "libeXosip2"
| #define VERSION "4.0.0"
| #define STDC_HEADERS 1
| #define HAVE_SYS_TYPES_H 1
| #define HAVE_SYS_STAT_H 1
| #define HAVE_STDLIB_H 1
| #define HAVE_STRING_H 1
| #define HAVE_MEMORY_H 1
| #define HAVE_STRINGS_H 1
| #define HAVE_INTTYPES_H 1
| #define HAVE_STDINT_H 1
| #define HAVE_UNISTD_H 1
| #define HAVE_DLFCN_H 1
| #define LT_OBJDIR ".libs/"
| /* end confdefs.h.  */
| #include <pthread.h>
| int
| main ()
| {
| pthread_t th; pthread_join(th, 0);
|                      pthread_attr_init(0); pthread_cleanup_push(0, 0);
|                      pthread_create(0,0,0,0); pthread_cleanup_pop(0);
|   ;
|   return 0;
| }
configure:11681: result: no
configure:11628: checking whether pthreads work without any flags
configure:11672: gcc -o conftest -g -O2    conftest.c   >&5
/tmp/cczZpuBC.o: In function `main':
/opt/DaTang_M/WorkSpace/opensource/libeXosip2-4.0.0/conftest.c:27: undefined reference to `pthread_join'
/opt/DaTang_M/WorkSpace/opensource/libeXosip2-4.0.0/conftest.c:28: undefined reference to `__pthread_register_cancel'
/opt/DaTang_M/WorkSpace/opensource/libeXosip2-4.0.0/conftest.c:29: undefined reference to `pthread_create'
/opt/DaTang_M/WorkSpace/opensource/libeXosip2-4.0.0/conftest.c:29: undefined reference to `__pthread_unregister_cancel'
collect2: ld returned 1 exit status
configure:11672: $? = 1
configure: failed program was:
| /* confdefs.h */
| #define PACKAGE_NAME ""
| #define PACKAGE_TARNAME ""
| #define PACKAGE_VERSION ""
| #define PACKAGE_STRING ""
| #define PACKAGE_BUGREPORT ""
| #define PACKAGE_URL ""
| #define PACKAGE "libeXosip2"
| #define VERSION "4.0.0"
| #define STDC_HEADERS 1
| #define HAVE_SYS_TYPES_H 1
| #define HAVE_SYS_STAT_H 1
| #define HAVE_STDLIB_H 1
| #define HAVE_STRING_H 1
| #define HAVE_MEMORY_H 1
| #define HAVE_STRINGS_H 1
| #define HAVE_INTTYPES_H 1
| #define HAVE_STDINT_H 1
| #define HAVE_UNISTD_H 1
| #define HAVE_DLFCN_H 1
| #define LT_OBJDIR ".libs/"
| /* end confdefs.h.  */
| #include <pthread.h>
| int
| main ()
| {
| pthread_t th; pthread_join(th, 0);
|                      pthread_attr_init(0); pthread_cleanup_push(0, 0);
|                      pthread_create(0,0,0,0); pthread_cleanup_pop(0);
|   ;
|   return 0;
| }
configure:11681: result: no
configure:11633: checking whether pthreads work with -Kthread
configure:11672: gcc -o conftest -g -O2 -Kthread   conftest.c   >&5
gcc: unrecognized option '-Kthread'
/tmp/ccDahqEW.o: In function `main':
/opt/DaTang_M/WorkSpace/opensource/libeXosip2-4.0.0/conftest.c:27: undefined reference to `pthread_join'
/opt/DaTang_M/WorkSpace/opensource/libeXosip2-4.0.0/conftest.c:28: undefined reference to `__pthread_register_cancel'
/opt/DaTang_M/WorkSpace/opensource/libeXosip2-4.0.0/conftest.c:29: undefined reference to `pthread_create'
/opt/DaTang_M/WorkSpace/opensource/libeXosip2-4.0.0/conftest.c:29: undefined reference to `__pthread_unregister_cancel'
collect2: ld returned 1 exit status
configure:11672: $? = 1
configure: failed program was:
| /* confdefs.h */
| #define PACKAGE_NAME ""
| #define PACKAGE_TARNAME ""
| #define PACKAGE_VERSION ""
| #define PACKAGE_STRING ""
| #define PACKAGE_BUGREPORT ""
| #define PACKAGE_URL ""
| #define PACKAGE "libeXosip2"
| #define VERSION "4.0.0"
| #define STDC_HEADERS 1
| #define HAVE_SYS_TYPES_H 1
| #define HAVE_SYS_STAT_H 1
| #define HAVE_STDLIB_H 1
| #define HAVE_STRING_H 1
| #define HAVE_MEMORY_H 1
| #define HAVE_STRINGS_H 1
| #define HAVE_INTTYPES_H 1
| #define HAVE_STDINT_H 1
| #define HAVE_UNISTD_H 1
| #define HAVE_DLFCN_H 1
| #define LT_OBJDIR ".libs/"
| /* end confdefs.h.  */
| #include <pthread.h>
| int
| main ()
| {
| pthread_t th; pthread_join(th, 0);
|                      pthread_attr_init(0); pthread_cleanup_push(0, 0);
|                      pthread_create(0,0,0,0); pthread_cleanup_pop(0);
|   ;
|   return 0;
| }
configure:11681: result: no
configure:11633: checking whether pthreads work with -kthread
configure:11672: gcc -o conftest -g -O2 -kthread   conftest.c   >&5
gcc: unrecognized option '-kthread'
/tmp/ccuuiGw9.o: In function `main':
/opt/DaTang_M/WorkSpace/opensource/libeXosip2-4.0.0/conftest.c:27: undefined reference to `pthread_join'
/opt/DaTang_M/WorkSpace/opensource/libeXosip2-4.0.0/conftest.c:28: undefined reference to `__pthread_register_cancel'
/opt/DaTang_M/WorkSpace/opensource/libeXosip2-4.0.0/conftest.c:29: undefined reference to `pthread_create'
/opt/DaTang_M/WorkSpace/opensource/libeXosip2-4.0.0/conftest.c:29: undefined reference to `__pthread_unregister_cancel'
collect2: ld returned 1 exit status
configure:11672: $? = 1
configure: failed program was:
| /* confdefs.h */
| #define PACKAGE_NAME ""
| #define PACKAGE_TARNAME ""
| #define PACKAGE_VERSION ""
| #define PACKAGE_STRING ""
| #define PACKAGE_BUGREPORT ""
| #define PACKAGE_URL ""
| #define PACKAGE "libeXosip2"
| #define VERSION "4.0.0"
| #define STDC_HEADERS 1
| #define HAVE_SYS_TYPES_H 1
| #define HAVE_SYS_STAT_H 1
| #define HAVE_STDLIB_H 1
| #define HAVE_STRING_H 1
| #define HAVE_MEMORY_H 1
| #define HAVE_STRINGS_H 1
| #define HAVE_INTTYPES_H 1
| #define HAVE_STDINT_H 1
| #define HAVE_UNISTD_H 1
| #define HAVE_DLFCN_H 1
| #define LT_OBJDIR ".libs/"
| /* end confdefs.h.  */
| #include <pthread.h>
| int
| main ()
| {
| pthread_t th; pthread_join(th, 0);
|                      pthread_attr_init(0); pthread_cleanup_push(0, 0);
|                      pthread_create(0,0,0,0); pthread_cleanup_pop(0);
|   ;
|   return 0;
| }
configure:11681: result: no
configure:11639: checking for the pthreads library -llthread
configure:11672: gcc -o conftest -g -O2    conftest.c -llthread  >&5
/usr/bin/ld: cannot find -llthread
collect2: ld returned 1 exit status
configure:11672: $? = 1
configure: failed program was:
| /* confdefs.h */
| #define PACKAGE_NAME ""
| #define PACKAGE_TARNAME ""
| #define PACKAGE_VERSION ""
| #define PACKAGE_STRING ""
| #define PACKAGE_BUGREPORT ""
| #define PACKAGE_URL ""
| #define PACKAGE "libeXosip2"
| #define VERSION "4.0.0"
| #define STDC_HEADERS 1
| #define HAVE_SYS_TYPES_H 1
| #define HAVE_SYS_STAT_H 1
| #define HAVE_STDLIB_H 1
| #define HAVE_STRING_H 1
| #define HAVE_MEMORY_H 1
| #define HAVE_STRINGS_H 1
| #define HAVE_INTTYPES_H 1
| #define HAVE_STDINT_H 1
| #define HAVE_UNISTD_H 1
| #define HAVE_DLFCN_H 1
| #define LT_OBJDIR ".libs/"
| /* end confdefs.h.  */
| #include <pthread.h>
| int
| main ()
| {
| pthread_t th; pthread_join(th, 0);
|                      pthread_attr_init(0); pthread_cleanup_push(0, 0);
|                      pthread_create(0,0,0,0); pthread_cleanup_pop(0);
|   ;
|   return 0;
| }
configure:11681: result: no
configure:11633: checking whether pthreads work with -pthread
configure:11672: gcc -o conftest -g -O2 -pthread   conftest.c   >&5
configure:11672: $? = 0
configure:11681: result: yes
configure:11701: checking for joinable pthread attribute
configure:11714: gcc -o conftest -g -O2 -pthread   conftest.c   >&5
configure:11714: $? = 0
configure:11746: result: PTHREAD_CREATE_JOINABLE
configure:11753: checking if more special flags are required for pthreads
configure:11760: result: no
configure:11772: checking for cc_r
configure:11800: result: gcc
configure:11866: checking semaphore.h usability
configure:11866: gcc -c -g -O2  conftest.c >&5
configure:11866: $? = 0
configure:11866: result: yes
configure:11866: checking semaphore.h presence
configure:11866: gcc -E  conftest.c
configure:11866: $? = 0
configure:11866: result: yes
configure:11866: checking for semaphore.h
configure:11866: result: yes
configure:11878: checking sys/sem.h usability
configure:11878: gcc -c -g -O2  conftest.c >&5
configure:11878: $? = 0
configure:11878: result: yes
configure:11878: checking sys/sem.h presence
configure:11878: gcc -E  conftest.c
configure:11878: $? = 0
configure:11878: result: yes
configure:11878: checking for sys/sem.h
configure:11878: result: yes
configure:11999: checking for sem_open in -lposix4
configure:12024: gcc -o conftest -g    conftest.c -lposix4   >&5
/usr/bin/ld: cannot find -lposix4
collect2: ld returned 1 exit status
configure:12024: $? = 1
configure: failed program was:
| /* confdefs.h */
| #define PACKAGE_NAME ""
| #define PACKAGE_TARNAME ""
| #define PACKAGE_VERSION ""
| #define PACKAGE_STRING ""
| #define PACKAGE_BUGREPORT ""
| #define PACKAGE_URL ""
| #define PACKAGE "libeXosip2"
| #define VERSION "4.0.0"
| #define STDC_HEADERS 1
| #define HAVE_SYS_TYPES_H 1
| #define HAVE_SYS_STAT_H 1
| #define HAVE_STDLIB_H 1
| #define HAVE_STRING_H 1
| #define HAVE_MEMORY_H 1
| #define HAVE_STRINGS_H 1
| #define HAVE_INTTYPES_H 1
| #define HAVE_STDINT_H 1
| #define HAVE_UNISTD_H 1
| #define HAVE_DLFCN_H 1
| #define LT_OBJDIR ".libs/"
| #define HAVE_PTHREAD 1
| #define HAVE_SEMAPHORE_H 1
| #define HAVE_SYS_SEM_H 1
| /* end confdefs.h.  */
| 
| /* Override any GCC internal prototype to avoid an error.
|    Use char because int might match the return type of a GCC
|    builtin and then its argument prototype would still apply.  */
| #ifdef __cplusplus
| extern "C"
| #endif
| char sem_open ();
| int
| main ()
| {
| return sem_open ();
|   ;
|   return 0;
| }
configure:12033: result: no
configure:12039: checking for nis_add in -lnsl
configure:12064: gcc -o conftest -g    conftest.c -lnsl   >&5
configure:12064: $? = 0
configure:12073: result: yes
configure:12079: checking for sendto in -lsocket
configure:12104: gcc -o conftest -g    conftest.c -lsocket   >&5
/usr/bin/ld: cannot find -lsocket
collect2: ld returned 1 exit status
configure:12104: $? = 1
configure: failed program was:
| /* confdefs.h */
| #define PACKAGE_NAME ""
| #define PACKAGE_TARNAME ""
| #define PACKAGE_VERSION ""
| #define PACKAGE_STRING ""
| #define PACKAGE_BUGREPORT ""
| #define PACKAGE_URL ""
| #define PACKAGE "libeXosip2"
| #define VERSION "4.0.0"
| #define STDC_HEADERS 1
| #define HAVE_SYS_TYPES_H 1
| #define HAVE_SYS_STAT_H 1
| #define HAVE_STDLIB_H 1
| #define HAVE_STRING_H 1
| #define HAVE_MEMORY_H 1
| #define HAVE_STRINGS_H 1
| #define HAVE_INTTYPES_H 1
| #define HAVE_STDINT_H 1
| #define HAVE_UNISTD_H 1
| #define HAVE_DLFCN_H 1
| #define LT_OBJDIR ".libs/"
| #define HAVE_PTHREAD 1
| #define HAVE_SEMAPHORE_H 1
| #define HAVE_SYS_SEM_H 1
| /* end confdefs.h.  */
| 
| /* Override any GCC internal prototype to avoid an error.
|    Use char because int might match the return type of a GCC
|    builtin and then its argument prototype would still apply.  */
| #ifdef __cplusplus
| extern "C"
| #endif
| char sendto ();
| int
| main ()
| {
| return sendto ();
|   ;
|   return 0;
| }
configure:12113: result: no
configure:12119: checking for clock_gettime in -lrt
configure:12144: gcc -o conftest -g    conftest.c -lrt   >&5
configure:12144: $? = 0
configure:12153: result: yes
configure:12164: checking for res_query in -lresolv
configure:12189: gcc -o conftest -g    conftest.c -lresolv   >&5
configure:12189: $? = 0
configure:12198: result: yes
configure:12204: checking for __res_query in -lresolv
configure:12229: gcc -o conftest -g    conftest.c -lresolv   >&5
configure:12229: $? = 0
configure:12238: result: yes
configure:12247: checking for ares_init in -lcares
configure:12272: gcc -o conftest -g    conftest.c -lcares   >&5
/usr/bin/ld: cannot find -lcares
collect2: ld returned 1 exit status
configure:12272: $? = 1
configure: failed program was:
| /* confdefs.h */
| #define PACKAGE_NAME ""
| #define PACKAGE_TARNAME ""
| #define PACKAGE_VERSION ""
| #define PACKAGE_STRING ""
| #define PACKAGE_BUGREPORT ""
| #define PACKAGE_URL ""
| #define PACKAGE "libeXosip2"
| #define VERSION "4.0.0"
| #define STDC_HEADERS 1
| #define HAVE_SYS_TYPES_H 1
| #define HAVE_SYS_STAT_H 1
| #define HAVE_STDLIB_H 1
| #define HAVE_STRING_H 1
| #define HAVE_MEMORY_H 1
| #define HAVE_STRINGS_H 1
| #define HAVE_INTTYPES_H 1
| #define HAVE_STDINT_H 1
| #define HAVE_UNISTD_H 1
| #define HAVE_DLFCN_H 1
| #define LT_OBJDIR ".libs/"
| #define HAVE_PTHREAD 1
| #define HAVE_SEMAPHORE_H 1
| #define HAVE_SYS_SEM_H 1
| /* end confdefs.h.  */
| 
| /* Override any GCC internal prototype to avoid an error.
|    Use char because int might match the return type of a GCC
|    builtin and then its argument prototype would still apply.  */
| #ifdef __cplusplus
| extern "C"
| #endif
| char ares_init ();
| int
| main ()
| {
| return ares_init ();
|   ;
|   return 0;
| }
configure:12281: result: no
configure:12296: WARNING: c-ares library is not installed
configure:12356: checking for pkg-config
configure:12374: found /usr/bin/pkg-config
configure:12386: result: /usr/bin/pkg-config
configure:12411: checking pkg-config is at least version 0.9.0
configure:12414: result: yes
configure:12424: checking for OSIP
configure:12431: $PKG_CONFIG --exists --print-errors "libosip2 >= 3.5"
Package libosip2 was not found in the pkg-config search path.
Perhaps you should add the directory containing `libosip2.pc'
to the PKG_CONFIG_PATH environment variable
No package 'libosip2' found
configure:12434: $? = 1
configure:12448: $PKG_CONFIG --exists --print-errors "libosip2 >= 3.5"
Package libosip2 was not found in the pkg-config search path.
Perhaps you should add the directory containing `libosip2.pc'
to the PKG_CONFIG_PATH environment variable
No package 'libosip2' found
configure:12451: $? = 1
configure:12465: result: no
No package 'libosip2' found
configure:12482: WARNING: assuming osip can be found in -I${prefix}/include and -L${exec_prefix}/lib
configure:12506: checking whether -Wall works
configure:12525: gcc -c -g  -Wall conftest.c >&5
configure:12525: $? = 0
configure:12534: result: yes
configure:12541: checking whether -Wcast-align works
configure:12560: gcc -c -g  -Wcast-align conftest.c >&5
configure:12560: $? = 0
configure:12569: result: yes
configure:12576: checking whether -Wchar-subscripts works
configure:12595: gcc -c -g  -Wchar-subscripts conftest.c >&5
configure:12595: $? = 0
configure:12604: result: yes
configure:12611: checking whether -Wformat works
configure:12630: gcc -c -g  -Wformat conftest.c >&5
configure:12630: $? = 0
configure:12639: result: yes
configure:12646: checking whether -Winline works
configure:12665: gcc -c -g  -Winline conftest.c >&5
configure:12665: $? = 0
configure:12674: result: yes
configure:12681: checking whether -Wmissing-declarations works
configure:12700: gcc -c -g  -Wmissing-declarations conftest.c >&5
configure:12700: $? = 0
configure:12709: result: yes
configure:12716: checking whether -Wmissing-prototypes works
configure:12735: gcc -c -g  -Wmissing-prototypes conftest.c >&5
configure:12735: $? = 0
configure:12744: result: yes
configure:12751: checking whether -Wnested-externs works
configure:12770: gcc -c -g  -Wnested-externs conftest.c >&5
configure:12770: $? = 0
configure:12779: result: yes
configure:12786: checking whether -Wpointer-arith works
configure:12805: gcc -c -g  -Wpointer-arith conftest.c >&5
configure:12805: $? = 0
configure:12814: result: yes
configure:12829: checking for ANSI C header files
configure:12933: result: yes
configure:12943: checking ctype.h usability
configure:12943: gcc -c -g   -Wall -Wcast-align -Wchar-subscripts -Wformat -Winline -Wmissing-declarations -Wmissing-prototypes -Wnested-externs -Wpointer-arith conftest.c >&5
configure:12943: $? = 0
configure:12943: result: yes
configure:12943: checking ctype.h presence
configure:12943: gcc -E  -Wall -Wcast-align -Wchar-subscripts -Wformat -Winline -Wmissing-declarations -Wmissing-prototypes -Wnested-externs -Wpointer-arith conftest.c
configure:12943: $? = 0
configure:12943: result: yes
configure:12943: checking for ctype.h
configure:12943: result: yes
configure:12955: checking for string.h
configure:12955: result: yes
configure:12967: checking for strings.h
configure:12967: result: yes
configure:12979: checking stdio.h usability
configure:12979: gcc -c -g   -Wall -Wcast-align -Wchar-subscripts -Wformat -Winline -Wmissing-declarations -Wmissing-prototypes -Wnested-externs -Wpointer-arith conftest.c >&5
configure:12979: $? = 0
configure:12979: result: yes
configure:12979: checking stdio.h presence
configure:12979: gcc -E  -Wall -Wcast-align -Wchar-subscripts -Wformat -Winline -Wmissing-declarations -Wmissing-prototypes -Wnested-externs -Wpointer-arith conftest.c
configure:12979: $? = 0
configure:12979: result: yes
configure:12979: checking for stdio.h
configure:12979: result: yes
configure:12991: checking for stdlib.h
configure:12991: result: yes
configure:13003: checking for unistd.h
configure:13003: result: yes
configure:13015: checking stdarg.h usability
configure:13015: gcc -c -g   -Wall -Wcast-align -Wchar-subscripts -Wformat -Winline -Wmissing-declarations -Wmissing-prototypes -Wnested-externs -Wpointer-arith conftest.c >&5
configure:13015: $? = 0
configure:13015: result: yes
configure:13015: checking stdarg.h presence
configure:13015: gcc -E  -Wall -Wcast-align -Wchar-subscripts -Wformat -Winline -Wmissing-declarations -Wmissing-prototypes -Wnested-externs -Wpointer-arith conftest.c
configure:13015: $? = 0
configure:13015: result: yes
configure:13015: checking for stdarg.h
configure:13015: result: yes
configure:13027: checking varargs.h usability
configure:13027: gcc -c -g   -Wall -Wcast-align -Wchar-subscripts -Wformat -Winline -Wmissing-declarations -Wmissing-prototypes -Wnested-externs -Wpointer-arith conftest.c >&5
In file included from conftest.c:67:
/usr/lib/gcc/i486-linux-gnu/4.4.3/include/varargs.h:4:2: error: #error "GCC no longer implements <varargs.h>."
/usr/lib/gcc/i486-linux-gnu/4.4.3/include/varargs.h:5:2: error: #error "Revise your code to use <stdarg.h>."
configure:13027: $? = 1
configure: failed program was:
| /* confdefs.h */
| #define PACKAGE_NAME ""
| #define PACKAGE_TARNAME ""
| #define PACKAGE_VERSION ""
| #define PACKAGE_STRING ""
| #define PACKAGE_BUGREPORT ""
| #define PACKAGE_URL ""
| #define PACKAGE "libeXosip2"
| #define VERSION "4.0.0"
| #define STDC_HEADERS 1
| #define HAVE_SYS_TYPES_H 1
| #define HAVE_SYS_STAT_H 1
| #define HAVE_STDLIB_H 1
| #define HAVE_STRING_H 1
| #define HAVE_MEMORY_H 1
| #define HAVE_STRINGS_H 1
| #define HAVE_INTTYPES_H 1
| #define HAVE_STDINT_H 1
| #define HAVE_UNISTD_H 1
| #define HAVE_DLFCN_H 1
| #define LT_OBJDIR ".libs/"
| #define HAVE_PTHREAD 1
| #define HAVE_SEMAPHORE_H 1
| #define HAVE_SYS_SEM_H 1
| #define STDC_HEADERS 1
| #define HAVE_CTYPE_H 1
| #define HAVE_STRING_H 1
| #define HAVE_STRINGS_H 1
| #define HAVE_STDIO_H 1
| #define HAVE_STDLIB_H 1
| #define HAVE_UNISTD_H 1
| #define HAVE_STDARG_H 1
| /* end confdefs.h.  */
| #include <stdio.h>
| #ifdef HAVE_SYS_TYPES_H
| # include <sys/types.h>
| #endif
| #ifdef HAVE_SYS_STAT_H
| # include <sys/stat.h>
| #endif
| #ifdef STDC_HEADERS
| # include <stdlib.h>
| # include <stddef.h>
| #else
| # ifdef HAVE_STDLIB_H
| #  include <stdlib.h>
| # endif
| #endif
| #ifdef HAVE_STRING_H
| # if !defined STDC_HEADERS && defined HAVE_MEMORY_H
| #  include <memory.h>
| # endif
| # include <string.h>
| #endif
| #ifdef HAVE_STRINGS_H
| # include <strings.h>
| #endif
| #ifdef HAVE_INTTYPES_H
| # include <inttypes.h>
| #endif
| #ifdef HAVE_STDINT_H
| # include <stdint.h>
| #endif
| #ifdef HAVE_UNISTD_H
| # include <unistd.h>
| #endif
| #include <varargs.h>
configure:13027: result: no
configure:13027: checking varargs.h presence
configure:13027: gcc -E  -Wall -Wcast-align -Wchar-subscripts -Wformat -Winline -Wmissing-declarations -Wmissing-prototypes -Wnested-externs -Wpointer-arith conftest.c
In file included from conftest.c:34:
/usr/lib/gcc/i486-linux-gnu/4.4.3/include/varargs.h:4:2: error: #error "GCC no longer implements <varargs.h>."
/usr/lib/gcc/i486-linux-gnu/4.4.3/include/varargs.h:5:2: error: #error "Revise your code to use <stdarg.h>."
configure:13027: $? = 1
configure: failed program was:
| /* confdefs.h */
| #define PACKAGE_NAME ""
| #define PACKAGE_TARNAME ""
| #define PACKAGE_VERSION ""
| #define PACKAGE_STRING ""
| #define PACKAGE_BUGREPORT ""
| #define PACKAGE_URL ""
| #define PACKAGE "libeXosip2"
| #define VERSION "4.0.0"
| #define STDC_HEADERS 1
| #define HAVE_SYS_TYPES_H 1
| #define HAVE_SYS_STAT_H 1
| #define HAVE_STDLIB_H 1
| #define HAVE_STRING_H 1
| #define HAVE_MEMORY_H 1
| #define HAVE_STRINGS_H 1
| #define HAVE_INTTYPES_H 1
| #define HAVE_STDINT_H 1
| #define HAVE_UNISTD_H 1
| #define HAVE_DLFCN_H 1
| #define LT_OBJDIR ".libs/"
| #define HAVE_PTHREAD 1
| #define HAVE_SEMAPHORE_H 1
| #define HAVE_SYS_SEM_H 1
| #define STDC_HEADERS 1
| #define HAVE_CTYPE_H 1
| #define HAVE_STRING_H 1
| #define HAVE_STRINGS_H 1
| #define HAVE_STDIO_H 1
| #define HAVE_STDLIB_H 1
| #define HAVE_UNISTD_H 1
| #define HAVE_STDARG_H 1
| /* end confdefs.h.  */
| #include <varargs.h>
configure:13027: result: no
configure:13027: checking for varargs.h
configure:13027: result: no
configure:13039: checking sys/time.h usability
configure:13039: gcc -c -g   -Wall -Wcast-align -Wchar-subscripts -Wformat -Winline -Wmissing-declarations -Wmissing-prototypes -Wnested-externs -Wpointer-arith conftest.c >&5
configure:13039: $? = 0
configure:13039: result: yes
configure:13039: checking sys/time.h presence
configure:13039: gcc -E  -Wall -Wcast-align -Wchar-subscripts -Wformat -Winline -Wmissing-declarations -Wmissing-prototypes -Wnested-externs -Wpointer-arith conftest.c
configure:13039: $? = 0
configure:13039: result: yes
configure:13039: checking for sys/time.h
configure:13039: result: yes
configure:13051: checking assert.h usability
configure:13051: gcc -c -g   -Wall -Wcast-align -Wchar-subscripts -Wformat -Winline -Wmissing-declarations -Wmissing-prototypes -Wnested-externs -Wpointer-arith conftest.c >&5
configure:13051: $? = 0
configure:13051: result: yes
configure:13051: checking assert.h presence
configure:13051: gcc -E  -Wall -Wcast-align -Wchar-subscripts -Wformat -Winline -Wmissing-declarations -Wmissing-prototypes -Wnested-externs -Wpointer-arith conftest.c
configure:13051: $? = 0
configure:13051: result: yes
configure:13051: checking for assert.h
configure:13051: result: yes
configure:13063: checking signal.h usability
configure:13063: gcc -c -g   -Wall -Wcast-align -Wchar-subscripts -Wformat -Winline -Wmissing-declarations -Wmissing-prototypes -Wnested-externs -Wpointer-arith conftest.c >&5
configure:13063: $? = 0
configure:13063: result: yes
configure:13063: checking signal.h presence
configure:13063: gcc -E  -Wall -Wcast-align -Wchar-subscripts -Wformat -Winline -Wmissing-declarations -Wmissing-prototypes -Wnested-externs -Wpointer-arith conftest.c
configure:13063: $? = 0
configure:13063: result: yes
configure:13063: checking for signal.h
configure:13063: result: yes
configure:13075: checking sys/signal.h usability
configure:13075: gcc -c -g   -Wall -Wcast-align -Wchar-subscripts -Wformat -Winline -Wmissing-declarations -Wmissing-prototypes -Wnested-externs -Wpointer-arith conftest.c >&5
configure:13075: $? = 0
configure:13075: result: yes
configure:13075: checking sys/signal.h presence
configure:13075: gcc -E  -Wall -Wcast-align -Wchar-subscripts -Wformat -Winline -Wmissing-declarations -Wmissing-prototypes -Wnested-externs -Wpointer-arith conftest.c
configure:13075: $? = 0
configure:13075: result: yes
configure:13075: checking for sys/signal.h
configure:13075: result: yes
configure:13087: checking malloc.h usability
configure:13087: gcc -c -g   -Wall -Wcast-align -Wchar-subscripts -Wformat -Winline -Wmissing-declarations -Wmissing-prototypes -Wnested-externs -Wpointer-arith conftest.c >&5
configure:13087: $? = 0
configure:13087: result: yes
configure:13087: checking malloc.h presence
configure:13087: gcc -E  -Wall -Wcast-align -Wchar-subscripts -Wformat -Winline -Wmissing-declarations -Wmissing-prototypes -Wnested-externs -Wpointer-arith conftest.c
configure:13087: $? = 0
configure:13087: result: yes
configure:13087: checking for malloc.h
configure:13087: result: yes
configure:13099: checking sys/select.h usability
configure:13099: gcc -c -g   -Wall -Wcast-align -Wchar-subscripts -Wformat -Winline -Wmissing-declarations -Wmissing-prototypes -Wnested-externs -Wpointer-arith conftest.c >&5
configure:13099: $? = 0
configure:13099: result: yes
configure:13099: checking sys/select.h presence
configure:13099: gcc -E  -Wall -Wcast-align -Wchar-subscripts -Wformat -Winline -Wmissing-declarations -Wmissing-prototypes -Wnested-externs -Wpointer-arith conftest.c
configure:13099: $? = 0
configure:13099: result: yes
configure:13099: checking for sys/select.h
configure:13099: result: yes
configure:13111: checking for sys/types.h
configure:13111: result: yes
configure:13123: checking fcntl.h usability
configure:13123: gcc -c -g   -Wall -Wcast-align -Wchar-subscripts -Wformat -Winline -Wmissing-declarations -Wmissing-prototypes -Wnested-externs -Wpointer-arith conftest.c >&5
configure:13123: $? = 0
configure:13123: result: yes
configure:13123: checking fcntl.h presence
configure:13123: gcc -E  -Wall -Wcast-align -Wchar-subscripts -Wformat -Winline -Wmissing-declarations -Wmissing-prototypes -Wnested-externs -Wpointer-arith conftest.c
configure:13123: $? = 0
configure:13123: result: yes
configure:13123: checking for fcntl.h
configure:13123: result: yes
configure:13135: checking sys/soundcard.h usability
configure:13135: gcc -c -g   -Wall -Wcast-align -Wchar-subscripts -Wformat -Winline -Wmissing-declarations -Wmissing-prototypes -Wnested-externs -Wpointer-arith conftest.c >&5
configure:13135: $? = 0
configure:13135: result: yes
configure:13135: checking sys/soundcard.h presence
configure:13135: gcc -E  -Wall -Wcast-align -Wchar-subscripts -Wformat -Winline -Wmissing-declarations -Wmissing-prototypes -Wnested-externs -Wpointer-arith conftest.c
configure:13135: $? = 0
configure:13135: result: yes
configure:13135: checking for sys/soundcard.h
configure:13135: result: yes
configure:13147: checking arpa/inet.h usability
configure:13147: gcc -c -g   -Wall -Wcast-align -Wchar-subscripts -Wformat -Winline -Wmissing-declarations -Wmissing-prototypes -Wnested-externs -Wpointer-arith conftest.c >&5
configure:13147: $? = 0
configure:13147: result: yes
configure:13147: checking arpa/inet.h presence
configure:13147: gcc -E  -Wall -Wcast-align -Wchar-subscripts -Wformat -Winline -Wmissing-declarations -Wmissing-prototypes -Wnested-externs -Wpointer-arith conftest.c
configure:13147: $? = 0
configure:13147: result: yes
configure:13147: checking for arpa/inet.h
configure:13147: result: yes
configure:13159: checking arpa/nameser.h usability
configure:13159: gcc -c -g   -Wall -Wcast-align -Wchar-subscripts -Wformat -Winline -Wmissing-declarations -Wmissing-prototypes -Wnested-externs -Wpointer-arith conftest.c >&5
configure:13159: $? = 0
configure:13159: result: yes
configure:13159: checking arpa/nameser.h presence
configure:13159: gcc -E  -Wall -Wcast-align -Wchar-subscripts -Wformat -Winline -Wmissing-declarations -Wmissing-prototypes -Wnested-externs -Wpointer-arith conftest.c
configure:13159: $? = 0
configure:13159: result: yes
configure:13159: checking for arpa/nameser.h
configure:13159: result: yes
configure:13171: checking netdb.h usability
configure:13171: gcc -c -g   -Wall -Wcast-align -Wchar-subscripts -Wformat -Winline -Wmissing-declarations -Wmissing-prototypes -Wnested-externs -Wpointer-arith conftest.c >&5
configure:13171: $? = 0
configure:13171: result: yes
configure:13171: checking netdb.h presence
configure:13171: gcc -E  -Wall -Wcast-align -Wchar-subscripts -Wformat -Winline -Wmissing-declarations -Wmissing-prototypes -Wnested-externs -Wpointer-arith conftest.c
configure:13171: $? = 0
configure:13171: result: yes
configure:13171: checking for netdb.h
configure:13171: result: yes
configure:13183: checking nameser8_compat.h usability
configure:13183: gcc -c -g   -Wall -Wcast-align -Wchar-subscripts -Wformat -Winline -Wmissing-declarations -Wmissing-prototypes -Wnested-externs -Wpointer-arith conftest.c >&5
conftest.c:79:29: error: nameser8_compat.h: No such file or directory
configure:13183: $? = 1
configure: failed program was:
| /* confdefs.h */
| #define PACKAGE_NAME ""
| #define PACKAGE_TARNAME ""
| #define PACKAGE_VERSION ""
| #define PACKAGE_STRING ""
| #define PACKAGE_BUGREPORT ""
| #define PACKAGE_URL ""
| #define PACKAGE "libeXosip2"
| #define VERSION "4.0.0"
| #define STDC_HEADERS 1
| #define HAVE_SYS_TYPES_H 1
| #define HAVE_SYS_STAT_H 1
| #define HAVE_STDLIB_H 1
| #define HAVE_STRING_H 1
| #define HAVE_MEMORY_H 1
| #define HAVE_STRINGS_H 1
| #define HAVE_INTTYPES_H 1
| #define HAVE_STDINT_H 1
| #define HAVE_UNISTD_H 1
| #define HAVE_DLFCN_H 1
| #define LT_OBJDIR ".libs/"
| #define HAVE_PTHREAD 1
| #define HAVE_SEMAPHORE_H 1
| #define HAVE_SYS_SEM_H 1
| #define STDC_HEADERS 1
| #define HAVE_CTYPE_H 1
| #define HAVE_STRING_H 1
| #define HAVE_STRINGS_H 1
| #define HAVE_STDIO_H 1
| #define HAVE_STDLIB_H 1
| #define HAVE_UNISTD_H 1
| #define HAVE_STDARG_H 1
| #define HAVE_SYS_TIME_H 1
| #define HAVE_ASSERT_H 1
| #define HAVE_SIGNAL_H 1
| #define HAVE_SYS_SIGNAL_H 1
| #define HAVE_MALLOC_H 1
| #define HAVE_SYS_SELECT_H 1
| #define HAVE_SYS_TYPES_H 1
| #define HAVE_FCNTL_H 1
| #define HAVE_SYS_SOUNDCARD_H 1
| #define HAVE_ARPA_INET_H 1
| #define HAVE_ARPA_NAMESER_H 1
| #define HAVE_NETDB_H 1
| /* end confdefs.h.  */
| #include <stdio.h>
| #ifdef HAVE_SYS_TYPES_H
| # include <sys/types.h>
| #endif
| #ifdef HAVE_SYS_STAT_H
| # include <sys/stat.h>
| #endif
| #ifdef STDC_HEADERS
| # include <stdlib.h>
| # include <stddef.h>
| #else
| # ifdef HAVE_STDLIB_H
| #  include <stdlib.h>
| # endif
| #endif
| #ifdef HAVE_STRING_H
| # if !defined STDC_HEADERS && defined HAVE_MEMORY_H
| #  include <memory.h>
| # endif
| # include <string.h>
| #endif
| #ifdef HAVE_STRINGS_H
| # include <strings.h>
| #endif
| #ifdef HAVE_INTTYPES_H
| # include <inttypes.h>
| #endif
| #ifdef HAVE_STDINT_H
| # include <stdint.h>
| #endif
| #ifdef HAVE_UNISTD_H
| # include <unistd.h>
| #endif
| #include <nameser8_compat.h>
configure:13183: result: no
configure:13183: checking nameser8_compat.h presence
configure:13183: gcc -E  -Wall -Wcast-align -Wchar-subscripts -Wformat -Winline -Wmissing-declarations -Wmissing-prototypes -Wnested-externs -Wpointer-arith conftest.c
conftest.c:46:29: error: nameser8_compat.h: No such file or directory
configure:13183: $? = 1
configure: failed program was:
| /* confdefs.h */
| #define PACKAGE_NAME ""
| #define PACKAGE_TARNAME ""
| #define PACKAGE_VERSION ""
| #define PACKAGE_STRING ""
| #define PACKAGE_BUGREPORT ""
| #define PACKAGE_URL ""
| #define PACKAGE "libeXosip2"
| #define VERSION "4.0.0"
| #define STDC_HEADERS 1
| #define HAVE_SYS_TYPES_H 1
| #define HAVE_SYS_STAT_H 1
| #define HAVE_STDLIB_H 1
| #define HAVE_STRING_H 1
| #define HAVE_MEMORY_H 1
| #define HAVE_STRINGS_H 1
| #define HAVE_INTTYPES_H 1
| #define HAVE_STDINT_H 1
| #define HAVE_UNISTD_H 1
| #define HAVE_DLFCN_H 1
| #define LT_OBJDIR ".libs/"
| #define HAVE_PTHREAD 1
| #define HAVE_SEMAPHORE_H 1
| #define HAVE_SYS_SEM_H 1
| #define STDC_HEADERS 1
| #define HAVE_CTYPE_H 1
| #define HAVE_STRING_H 1
| #define HAVE_STRINGS_H 1
| #define HAVE_STDIO_H 1
| #define HAVE_STDLIB_H 1
| #define HAVE_UNISTD_H 1
| #define HAVE_STDARG_H 1
| #define HAVE_SYS_TIME_H 1
| #define HAVE_ASSERT_H 1
| #define HAVE_SIGNAL_H 1
| #define HAVE_SYS_SIGNAL_H 1
| #define HAVE_MALLOC_H 1
| #define HAVE_SYS_SELECT_H 1
| #define HAVE_SYS_TYPES_H 1
| #define HAVE_FCNTL_H 1
| #define HAVE_SYS_SOUNDCARD_H 1
| #define HAVE_ARPA_INET_H 1
| #define HAVE_ARPA_NAMESER_H 1
| #define HAVE_NETDB_H 1
| /* end confdefs.h.  */
| #include <nameser8_compat.h>
configure:13183: result: no
configure:13183: checking for nameser8_compat.h
configure:13183: result: no
configure:13195: checking arpa/nameser_compat.h usability
configure:13195: gcc -c -g   -Wall -Wcast-align -Wchar-subscripts -Wformat -Winline -Wmissing-declarations -Wmissing-prototypes -Wnested-externs -Wpointer-arith conftest.c >&5
configure:13195: $? = 0
configure:13195: result: yes
configure:13195: checking arpa/nameser_compat.h presence
configure:13195: gcc -E  -Wall -Wcast-align -Wchar-subscripts -Wformat -Winline -Wmissing-declarations -Wmissing-prototypes -Wnested-externs -Wpointer-arith conftest.c
configure:13195: $? = 0
configure:13195: result: yes
configure:13195: checking for arpa/nameser_compat.h
configure:13195: result: yes
configure:13207: checking netinet/tcp.h usability
configure:13207: gcc -c -g   -Wall -Wcast-align -Wchar-subscripts -Wformat -Winline -Wmissing-declarations -Wmissing-prototypes -Wnested-externs -Wpointer-arith conftest.c >&5
configure:13207: $? = 0
configure:13207: result: yes
configure:13207: checking netinet/tcp.h presence
configure:13207: gcc -E  -Wall -Wcast-align -Wchar-subscripts -Wformat -Winline -Wmissing-declarations -Wmissing-prototypes -Wnested-externs -Wpointer-arith conftest.c
configure:13207: $? = 0
configure:13207: result: yes
configure:13207: checking for netinet/tcp.h
configure:13207: result: yes
configure:13220: checking for resolv.h
configure:13220: gcc -c -g   -Wall -Wcast-align -Wchar-subscripts -Wformat -Winline -Wmissing-declarations -Wmissing-prototypes -Wnested-externs -Wpointer-arith conftest.c >&5
configure:13220: $? = 0
configure:13220: result: yes
configure:13243: checking for getifaddrs
configure:13243: gcc -o conftest -g   -Wall -Wcast-align -Wchar-subscripts -Wformat -Winline -Wmissing-declarations -Wmissing-prototypes -Wnested-externs -Wpointer-arith  conftest.c  >&5
configure:13243: $? = 0
configure:13243: result: yes
configure:13264: checking openssl/ssl.h usability
configure:13264: gcc -c -g   -Wall -Wcast-align -Wchar-subscripts -Wformat -Winline -Wmissing-declarations -Wmissing-prototypes -Wnested-externs -Wpointer-arith conftest.c >&5
configure:13264: $? = 0
configure:13264: result: yes
configure:13264: checking openssl/ssl.h presence
configure:13264: gcc -E  -Wall -Wcast-align -Wchar-subscripts -Wformat -Winline -Wmissing-declarations -Wmissing-prototypes -Wnested-externs -Wpointer-arith conftest.c
configure:13264: $? = 0
configure:13264: result: yes
configure:13264: checking for openssl/ssl.h
configure:13264: result: yes
configure:13274: checking for SSL_CTX_new in -lssl
configure:13299: gcc -o conftest -g   -Wall -Wcast-align -Wchar-subscripts -Wformat -Winline -Wmissing-declarations -Wmissing-prototypes -Wnested-externs -Wpointer-arith  conftest.c -lssl   >&5
configure:13299: $? = 0
configure:13308: result: yes
configure:13314: checking for X509_get_issuer_name in -lcrypto
configure:13339: gcc -o conftest -g   -Wall -Wcast-align -Wchar-subscripts -Wformat -Winline -Wmissing-declarations -Wmissing-prototypes -Wnested-externs -Wpointer-arith  conftest.c -lcrypto   >&5
configure:13339: $? = 0
configure:13348: result: yes
configure:13512: creating ./config.status

## ---------------------- ##
## Running config.status. ##
## ---------------------- ##

This file was extended by config.status, which was
generated by GNU Autoconf 2.69.  Invocation command line was

  CONFIG_FILES    = 
  CONFIG_HEADERS  = 
  CONFIG_LINKS    = 
  CONFIG_COMMANDS = 
  $ ./config.status 

on slave2

config.status:1135: creating Makefile
config.status:1135: creating scripts/Makefile
config.status:1135: creating platform/Makefile
config.status:1135: creating platform/vsnet/Makefile
config.status:1135: creating platform/wince/Makefile
config.status:1135: creating include/Makefile
config.status:1135: creating include/eXosip2/Makefile
config.status:1135: creating src/Makefile
config.status:1135: creating tools/Makefile
config.status:1135: creating help/Makefile
config.status:1135: creating help/doxygen/Makefile
config.status:1135: creating help/doxygen/doxygen.dox
config.status:1135: creating exosip-config.h
config.status:1316: exosip-config.h is unchanged
config.status:1364: executing depfiles commands
config.status:1364: executing libtool commands

## ---------------- ##
## Cache variables. ##
## ---------------- ##

Wall_cv_flag=yes
Wcast_align_cv_flag=yes
Wchar_subscripts_cv_flag=yes
Wformat_cv_flag=yes
Winline_cv_flag=yes
Wmissing_declarations_cv_flag=yes
Wmissing_prototypes_cv_flag=yes
Wnested_externs_cv_flag=yes
Wpointer_arith_cv_flag=yes
ac_cv_build=i686-pc-linux-gnu
ac_cv_c_compiler_gnu=yes
ac_cv_env_CC_set=
ac_cv_env_CC_value=
ac_cv_env_CFLAGS_set=
ac_cv_env_CFLAGS_value=
ac_cv_env_CPPFLAGS_set=
ac_cv_env_CPPFLAGS_value=
ac_cv_env_CPP_set=
ac_cv_env_CPP_value=
ac_cv_env_LDFLAGS_set=
ac_cv_env_LDFLAGS_value=
ac_cv_env_LIBS_set=
ac_cv_env_LIBS_value=
ac_cv_env_OSIP_CFLAGS_set=
ac_cv_env_OSIP_CFLAGS_value=
ac_cv_env_OSIP_LIBS_set=
ac_cv_env_OSIP_LIBS_value=
ac_cv_env_PKG_CONFIG_LIBDIR_set=
ac_cv_env_PKG_CONFIG_LIBDIR_value=
ac_cv_env_PKG_CONFIG_PATH_set=
ac_cv_env_PKG_CONFIG_PATH_value=
ac_cv_env_PKG_CONFIG_set=
ac_cv_env_PKG_CONFIG_value=
ac_cv_env_build_alias_set=
ac_cv_env_build_alias_value=
ac_cv_env_host_alias_set=
ac_cv_env_host_alias_value=
ac_cv_env_target_alias_set=
ac_cv_env_target_alias_value=
ac_cv_func_getifaddrs=yes
ac_cv_header_arpa_inet_h=yes
ac_cv_header_arpa_nameser_compat_h=yes
ac_cv_header_arpa_nameser_h=yes
ac_cv_header_assert_h=yes
ac_cv_header_ctype_h=yes
ac_cv_header_dlfcn_h=yes
ac_cv_header_fcntl_h=yes
ac_cv_header_inttypes_h=yes
ac_cv_header_malloc_h=yes
ac_cv_header_memory_h=yes
ac_cv_header_nameser8_compat_h=no
ac_cv_header_netdb_h=yes
ac_cv_header_netinet_tcp_h=yes
ac_cv_header_openssl_ssl_h=yes
ac_cv_header_resolv_h=yes
ac_cv_header_semaphore_h=yes
ac_cv_header_signal_h=yes
ac_cv_header_stdarg_h=yes
ac_cv_header_stdc=yes
ac_cv_header_stdint_h=yes
ac_cv_header_stdio_h=yes
ac_cv_header_stdlib_h=yes
ac_cv_header_string_h=yes
ac_cv_header_strings_h=yes
ac_cv_header_sys_select_h=yes
ac_cv_header_sys_sem_h=yes
ac_cv_header_sys_signal_h=yes
ac_cv_header_sys_soundcard_h=yes
ac_cv_header_sys_stat_h=yes
ac_cv_header_sys_time_h=yes
ac_cv_header_sys_types_h=yes
ac_cv_header_unistd_h=yes
ac_cv_header_varargs_h=no
ac_cv_host=i686-pc-linux-gnu
ac_cv_lib_cares_ares_init=no
ac_cv_lib_crypto_X509_get_issuer_name=yes
ac_cv_lib_nsl_nis_add=yes
ac_cv_lib_posix4_sem_open=no
ac_cv_lib_resolv___res_query=yes
ac_cv_lib_resolv_res_query=yes
ac_cv_lib_rt_clock_gettime=yes
ac_cv_lib_socket_sendto=no
ac_cv_lib_ssl_SSL_CTX_new=yes
ac_cv_objext=o
ac_cv_path_EGREP='/bin/grep -E'
ac_cv_path_FGREP='/bin/grep -F'
ac_cv_path_GREP=/bin/grep
ac_cv_path_SED=/bin/sed
ac_cv_path_ac_pt_PKG_CONFIG=/usr/bin/pkg-config
ac_cv_path_install='/usr/bin/install -c'
ac_cv_path_mkdir=/bin/mkdir
ac_cv_prog_AWK=gawk
ac_cv_prog_CPP='gcc -E'
ac_cv_prog_PTHREAD_CC=gcc
ac_cv_prog_ac_ct_AR=ar
ac_cv_prog_ac_ct_CC=gcc
ac_cv_prog_ac_ct_MANIFEST_TOOL=mt
ac_cv_prog_ac_ct_OBJDUMP=objdump
ac_cv_prog_ac_ct_RANLIB=ranlib
ac_cv_prog_ac_ct_STRIP=strip
ac_cv_prog_cc_c89=
ac_cv_prog_cc_g=yes
ac_cv_prog_make_make_set=yes
am_cv_CC_dependencies_compiler_type=gcc3
lt_cv_ar_at_file=@
lt_cv_archive_cmds_need_lc=no
lt_cv_deplibs_check_method=pass_all
lt_cv_file_magic_cmd='$MAGIC_CMD'
lt_cv_file_magic_test_file=
lt_cv_ld_reload_flag=-r
lt_cv_nm_interface='BSD nm'
lt_cv_objdir=.libs
lt_cv_path_LD=/usr/bin/ld
lt_cv_path_NM='/usr/bin/nm -B'
lt_cv_path_mainfest_tool=no
lt_cv_prog_compiler_c_o=yes
lt_cv_prog_compiler_pic='-fPIC -DPIC'
lt_cv_prog_compiler_pic_works=yes
lt_cv_prog_compiler_rtti_exceptions=no
lt_cv_prog_compiler_static_works=yes
lt_cv_prog_gnu_ld=yes
lt_cv_sharedlib_from_linklib_cmd='printf %s\n'
lt_cv_shlibpath_overrides_runpath=no
lt_cv_sys_global_symbol_pipe='sed -n -e '\''s/^.*[	 ]\([ABCDGIRSTW][ABCDGIRSTW]*\)[	 ][	 ]*\([_A-Za-z][_A-Za-z0-9]*\)$/\1 \2 \2/p'\'' | sed '\''/ __gnu_lto/d'\'''
lt_cv_sys_global_symbol_to_c_name_address='sed -n -e '\''s/^: \([^ ]*\)[ ]*$/  {\"\1\", (void *) 0},/p'\'' -e '\''s/^[ABCDGIRSTW]* \([^ ]*\) \([^ ]*\)$/  {"\2", (void *) \&\2},/p'\'''
lt_cv_sys_global_symbol_to_c_name_address_lib_prefix='sed -n -e '\''s/^: \([^ ]*\)[ ]*$/  {\"\1\", (void *) 0},/p'\'' -e '\''s/^[ABCDGIRSTW]* \([^ ]*\) \(lib[^ ]*\)$/  {"\2", (void *) \&\2},/p'\'' -e '\''s/^[ABCDGIRSTW]* \([^ ]*\) \([^ ]*\)$/  {"lib\2", (void *) \&\2},/p'\'''
lt_cv_sys_global_symbol_to_cdecl='sed -n -e '\''s/^T .* \(.*\)$/extern int \1();/p'\'' -e '\''s/^[ABCDGIRSTW]* .* \(.*\)$/extern char \1;/p'\'''
lt_cv_sys_max_cmd_len=1572864
lt_cv_to_host_file_cmd=func_convert_file_noop
lt_cv_to_tool_file_cmd=func_convert_file_noop

## ----------------- ##
## Output variables. ##
## ----------------- ##

ACLOCAL='${SHELL} /opt/DaTang_M/WorkSpace/opensource/libeXosip2-4.0.0/scripts/missing --run aclocal-1.11 -I scripts'
AMDEPBACKSLASH='\'
AMDEP_FALSE='#'
AMDEP_TRUE=''
AMTAR='$${TAR-tar}'
AR='ar'
AUTOCONF='${SHELL} /opt/DaTang_M/WorkSpace/opensource/libeXosip2-4.0.0/scripts/missing --run autoconf'
AUTOHEADER='${SHELL} /opt/DaTang_M/WorkSpace/opensource/libeXosip2-4.0.0/scripts/missing --run autoheader'
AUTOMAKE='${SHELL} /opt/DaTang_M/WorkSpace/opensource/libeXosip2-4.0.0/scripts/missing --run automake-1.11'
AWK='gawk'
BUILD_MAXSIZE_FALSE='#'
BUILD_MAXSIZE_TRUE=''
CC='gcc'
CCDEPMODE='depmode=gcc3'
CFLAGS='-g '
COMPILE_TOOLS_FALSE='#'
COMPILE_TOOLS_TRUE=''
CPP='gcc -E'
CPPFLAGS=' -Wall -Wcast-align -Wchar-subscripts -Wformat -Winline -Wmissing-declarations -Wmissing-prototypes -Wnested-externs -Wpointer-arith -DSRV_RECORD'
CYGPATH_W='echo'
DEFS='-DHAVE_CONFIG_H'
DEPDIR='.deps'
DLLTOOL='false'
DSYMUTIL=''
DUMPBIN=''
ECHO_C=''
ECHO_N='-n'
ECHO_T=''
EGREP='/bin/grep -E'
EXEEXT=''
EXOSIP_FLAGS=' -pedantic -DENABLE_DEBUG -g -DENABLE_TRACE'
EXOSIP_LIB=' -lnsl -lrt -lresolv -lresolv -lssl -lcrypto'
EXOSIP_VERSION='4.0.0'
FGREP='/bin/grep -F'
GREP='/bin/grep'
INSIDE_GNOME_COMMON_FALSE=''
INSIDE_GNOME_COMMON_TRUE='#'
INSTALL_DATA='${INSTALL} -m 644'
INSTALL_PROGRAM='${INSTALL}'
INSTALL_SCRIPT='${INSTALL}'
INSTALL_STRIP_PROGRAM='$(install_sh) -c -s'
LD='/usr/bin/ld'
LDFLAGS=''
LIBEXOSIP_SO_VERSION='10:0:0'
LIBOBJS=''
LIBS=''
LIBTOOL='$(SHELL) $(top_builddir)/libtool'
LIPO=''
LN_S='ln -s'
LTLIBOBJS=''
MAKEINFO='${SHELL} /opt/DaTang_M/WorkSpace/opensource/libeXosip2-4.0.0/scripts/missing --run makeinfo'
MANIFEST_TOOL=':'
MKDIR_P='/bin/mkdir -p'
NM='/usr/bin/nm -B'
NMEDIT=''
OBJDUMP='objdump'
OBJEXT='o'
OSIP_CFLAGS='-I$(includedir) -I$(prefix)/include'
OSIP_LIBS='-L$(libdir) -L$(prefix)/lib -losip2 -losipparser2'
OTOOL64=''
OTOOL=''
PACKAGE='libeXosip2'
PACKAGE_BUGREPORT=''
PACKAGE_NAME=''
PACKAGE_STRING=''
PACKAGE_TARNAME=''
PACKAGE_URL=''
PACKAGE_VERSION=''
PATH_SEPARATOR=':'
PKG_CONFIG='/usr/bin/pkg-config'
PKG_CONFIG_LIBDIR=''
PKG_CONFIG_PATH=''
PTHREAD_CC='gcc'
PTHREAD_CFLAGS='-pthread'
PTHREAD_LIBS=''
RANLIB='ranlib'
SED='/bin/sed'
SET_MAKE=''
SHELL='/bin/sh'
STRIP='strip'
TOOLS_LIBS=''
VERSION='4.0.0'
ac_aux_dir='scripts'
ac_ct_AR='ar'
ac_ct_CC='gcc'
ac_ct_DUMPBIN=''
am__EXEEXT_FALSE=''
am__EXEEXT_TRUE='#'
am__fastdepCC_FALSE='#'
am__fastdepCC_TRUE=''
am__include='include'
am__isrc=''
am__leading_dot='.'
am__nodep='_no'
am__quote=''
am__tar='$${TAR-tar} chof - "$$tardir"'
am__untar='$${TAR-tar} xf -'
bindir='${exec_prefix}/bin'
build='i686-pc-linux-gnu'
build_alias=''
build_cpu='i686'
build_os='linux-gnu'
build_vendor='pc'
datadir='${datarootdir}'
datarootdir='${prefix}/share'
docdir='${datarootdir}/doc/${PACKAGE}'
dvidir='${docdir}'
exec_prefix='${prefix}'
host='i686-pc-linux-gnu'
host_alias=''
host_cpu='i686'
host_os='linux-gnu'
host_vendor='pc'
htmldir='${docdir}'
includedir='${prefix}/include'
infodir='${datarootdir}/info'
install_sh='${SHELL} /opt/DaTang_M/WorkSpace/opensource/libeXosip2-4.0.0/scripts/install-sh'
libdir='${exec_prefix}/lib'
libexecdir='${exec_prefix}/libexec'
localedir='${datarootdir}/locale'
localstatedir='${prefix}/var'
mandir='${datarootdir}/man'
mkdir_p='/bin/mkdir -p'
oldincludedir='/usr/include'
pdfdir='${docdir}'
prefix='/opt/DaTang_M/WorkSpace/framework'
program_transform_name='s,x,x,'
psdir='${docdir}'
sbindir='${exec_prefix}/sbin'
sharedstatedir='${prefix}/com'
sysconfdir='${prefix}/etc'
target_alias=''

## ----------- ##
## confdefs.h. ##
## ----------- ##

/* confdefs.h */
#define PACKAGE_NAME ""
#define PACKAGE_TARNAME ""
#define PACKAGE_VERSION ""
#define PACKAGE_STRING ""
#define PACKAGE_BUGREPORT ""
#define PACKAGE_URL ""
#define PACKAGE "libeXosip2"
#define VERSION "4.0.0"
#define STDC_HEADERS 1
#define HAVE_SYS_TYPES_H 1
#define HAVE_SYS_STAT_H 1
#define HAVE_STDLIB_H 1
#define HAVE_STRING_H 1
#define HAVE_MEMORY_H 1
#define HAVE_STRINGS_H 1
#define HAVE_INTTYPES_H 1
#define HAVE_STDINT_H 1
#define HAVE_UNISTD_H 1
#define HAVE_DLFCN_H 1
#define LT_OBJDIR ".libs/"
#define HAVE_PTHREAD 1
#define HAVE_SEMAPHORE_H 1
#define HAVE_SYS_SEM_H 1
#define STDC_HEADERS 1
#define HAVE_CTYPE_H 1
#define HAVE_STRING_H 1
#define HAVE_STRINGS_H 1
#define HAVE_STDIO_H 1
#define HAVE_STDLIB_H 1
#define HAVE_UNISTD_H 1
#define HAVE_STDARG_H 1
#define HAVE_SYS_TIME_H 1
#define HAVE_ASSERT_H 1
#define HAVE_SIGNAL_H 1
#define HAVE_SYS_SIGNAL_H 1
#define HAVE_MALLOC_H 1
#define HAVE_SYS_SELECT_H 1
#define HAVE_SYS_TYPES_H 1
#define HAVE_FCNTL_H 1
#define HAVE_SYS_SOUNDCARD_H 1
#define HAVE_ARPA_INET_H 1
#define HAVE_ARPA_NAMESER_H 1
#define HAVE_NETDB_H 1
#define HAVE_ARPA_NAMESER_COMPAT_H 1
#define HAVE_NETINET_TCP_H 1
#define HAVE_RESOLV_H 1
#define HAVE_GETIFADDRS 1
#define HAVE_OPENSSL_SSL_H 1

configure: exit 0
